<?xml version="1.0" encoding="UTF-8"?>
<!-- Generated by org.testng.reporters.JUnitReportReporter -->
<testsuite skipped="0" hostname="DESKTOP-JCULVNE" name="com.training.sanity.tests.RETC_014" tests="2" failures="0" timestamp="19 Jun 2019 06:47:23 GMT" time="57.978" errors="0">
  <testcase name="GenerateNewPassword" time="27.691" classname="com.training.sanity.tests.RETC_014"/>
  <testcase name="validLoginTest" time="30.287" classname="com.training.sanity.tests.RETC_014"/>
</testsuite> <!-- com.training.sanity.tests.RETC_014 -->
