<?xml version="1.0" encoding="UTF-8"?>
<!-- Generated by org.testng.reporters.JUnitReportReporter -->
<testsuite skipped="0" hostname="DESKTOP-JCULVNE" name="com.training.sanity.tests.RETC_013" tests="2" failures="0" timestamp="19 Jun 2019 07:22:55 GMT" time="38.206" errors="0">
  <testcase name="GenerateNewPassword" time="25.075" classname="com.training.sanity.tests.RETC_013"/>
  <testcase name="validLoginTest" time="13.131" classname="com.training.sanity.tests.RETC_013"/>
</testsuite> <!-- com.training.sanity.tests.RETC_013 -->
