<?xml version="1.0" encoding="UTF-8"?>
<!-- Generated by org.testng.reporters.JUnitReportReporter -->
<testsuite skipped="0" hostname="DESKTOP-JCULVNE" name="com.training.sanity.tests.LoginTests" tests="1" failures="0" timestamp="17 Jun 2019 06:42:22 GMT" time="32.959" errors="0">
  <testcase name="validLoginTest" time="32.959" classname="com.training.sanity.tests.LoginTests"/>
</testsuite> <!-- com.training.sanity.tests.LoginTests -->
